  stdafx.cpp
  IMake.cpp
IMake.cpp(312): warning C4996: 'fopen': This function or variable may be unsafe. Consider using fopen_s instead. To disable deprecation, use _CRT_SECURE_NO_WARNINGS. See online help for details.
  C:\Program Files (x86)\Windows Kits\10\Include\10.0.10240.0\ucrt\stdio.h(205): note: see declaration of 'fopen'
IMake.cpp(324): warning C4996: 'strtok': This function or variable may be unsafe. Consider using strtok_s instead. To disable deprecation, use _CRT_SECURE_NO_WARNINGS. See online help for details.
  C:\Program Files (x86)\Windows Kits\10\Include\10.0.10240.0\ucrt\string.h(453): note: see declaration of 'strtok'
IMake.cpp(512): warning C4996: 'strtok': This function or variable may be unsafe. Consider using strtok_s instead. To disable deprecation, use _CRT_SECURE_NO_WARNINGS. See online help for details.
  C:\Program Files (x86)\Windows Kits\10\Include\10.0.10240.0\ucrt\string.h(453): note: see declaration of 'strtok'
IMake.cpp(537): warning C4018: '<': signed/unsigned mismatch
IMake.cpp(598): warning C4018: '<': signed/unsigned mismatch
IMake.cpp(615): warning C4018: '<': signed/unsigned mismatch
IMake.cpp(624): warning C4018: '<': signed/unsigned mismatch
IMake.cpp(659): warning C4018: '<': signed/unsigned mismatch
IMake.cpp(676): warning C4018: '<': signed/unsigned mismatch
IMake.cpp(685): warning C4018: '<': signed/unsigned mismatch
IMake.cpp(760): warning C4018: '<': signed/unsigned mismatch
IMake.cpp(772): warning C4018: '<': signed/unsigned mismatch
IMake.cpp(793): warning C4018: '<': signed/unsigned mismatch
IMake.cpp(807): warning C4018: '<': signed/unsigned mismatch
IMake.cpp(850): warning C4018: '<': signed/unsigned mismatch
IMake.cpp(867): warning C4018: '<': signed/unsigned mismatch
IMake.cpp(876): warning C4018: '<': signed/unsigned mismatch
IMake.cpp(878): warning C4018: '<': signed/unsigned mismatch
IMake.cpp(885): warning C4018: '<': signed/unsigned mismatch
IMake.cpp(927): warning C4018: '<': signed/unsigned mismatch
IMake.cpp(939): warning C4018: '<': signed/unsigned mismatch
IMake.cpp(960): warning C4018: '<': signed/unsigned mismatch
IMake.cpp(974): warning C4018: '<': signed/unsigned mismatch
IMake.cpp(1012): warning C4018: '<': signed/unsigned mismatch
IMake.cpp(1029): warning C4018: '<': signed/unsigned mismatch
IMake.cpp(1047): warning C4018: '<': signed/unsigned mismatch
IMake.cpp(1058): warning C4018: '<': signed/unsigned mismatch
IMake.cpp(1062): warning C4018: '<': signed/unsigned mismatch
IMake.cpp(1069): warning C4018: '<': signed/unsigned mismatch
IMake.cpp(1094): warning C4018: '<': signed/unsigned mismatch
IMake.cpp(1160): warning C4018: '<': signed/unsigned mismatch
IMake.cpp(1170): warning C4018: '<': signed/unsigned mismatch
IMake.cpp(1414): warning C4996: 'fopen': This function or variable may be unsafe. Consider using fopen_s instead. To disable deprecation, use _CRT_SECURE_NO_WARNINGS. See online help for details.
  C:\Program Files (x86)\Windows Kits\10\Include\10.0.10240.0\ucrt\stdio.h(205): note: see declaration of 'fopen'
IMake.cpp(1565): warning C4996: 'fopen': This function or variable may be unsafe. Consider using fopen_s instead. To disable deprecation, use _CRT_SECURE_NO_WARNINGS. See online help for details.
  C:\Program Files (x86)\Windows Kits\10\Include\10.0.10240.0\ucrt\stdio.h(205): note: see declaration of 'fopen'
IMake.cpp(1696): warning C4996: 'fopen': This function or variable may be unsafe. Consider using fopen_s instead. To disable deprecation, use _CRT_SECURE_NO_WARNINGS. See online help for details.
  C:\Program Files (x86)\Windows Kits\10\Include\10.0.10240.0\ucrt\stdio.h(205): note: see declaration of 'fopen'
IMake.cpp(1699): warning C4996: 'fopen': This function or variable may be unsafe. Consider using fopen_s instead. To disable deprecation, use _CRT_SECURE_NO_WARNINGS. See online help for details.
  C:\Program Files (x86)\Windows Kits\10\Include\10.0.10240.0\ucrt\stdio.h(205): note: see declaration of 'fopen'
IMake.cpp(1709): warning C4996: 'asctime': This function or variable may be unsafe. Consider using asctime_s instead. To disable deprecation, use _CRT_SECURE_NO_WARNINGS. See online help for details.
  C:\Program Files (x86)\Windows Kits\10\Include\10.0.10240.0\ucrt\time.h(116): note: see declaration of 'asctime'
IMake.cpp(1720): warning C4996: 'asctime': This function or variable may be unsafe. Consider using asctime_s instead. To disable deprecation, use _CRT_SECURE_NO_WARNINGS. See online help for details.
  C:\Program Files (x86)\Windows Kits\10\Include\10.0.10240.0\ucrt\time.h(116): note: see declaration of 'asctime'
IMake.cpp(1762): warning C4996: 'fopen': This function or variable may be unsafe. Consider using fopen_s instead. To disable deprecation, use _CRT_SECURE_NO_WARNINGS. See online help for details.
  C:\Program Files (x86)\Windows Kits\10\Include\10.0.10240.0\ucrt\stdio.h(205): note: see declaration of 'fopen'
IMake.cpp(1766): warning C4996: 'fopen': This function or variable may be unsafe. Consider using fopen_s instead. To disable deprecation, use _CRT_SECURE_NO_WARNINGS. See online help for details.
  C:\Program Files (x86)\Windows Kits\10\Include\10.0.10240.0\ucrt\stdio.h(205): note: see declaration of 'fopen'
IMake.cpp(1812): warning C4996: 'fopen': This function or variable may be unsafe. Consider using fopen_s instead. To disable deprecation, use _CRT_SECURE_NO_WARNINGS. See online help for details.
  C:\Program Files (x86)\Windows Kits\10\Include\10.0.10240.0\ucrt\stdio.h(205): note: see declaration of 'fopen'
  SimpleXmlParser.cpp
  Generating Code...
  IMake.vcxproj -> D:\Workspace\mapguide-api-bindings\src\IMake\Win32\IMake.exe
  IMake.vcxproj -> Win32\IMake.pdb (Full PDB)
